<?xml version="1.0" encoding="UTF-8"?>
<coverage generated="1521538813427" clover="3.2.0">
  <project timestamp="1521538813428" name="All files">
    <metrics statements="23" coveredstatements="23" conditionals="4" coveredconditionals="4" methods="11" coveredmethods="11" elements="38" coveredelements="38" complexity="0" loc="23" ncloc="23" packages="3" files="5" classes="5">
      <package name="stock_app">
        <metrics statements="4" coveredstatements="4" conditionals="0" coveredconditionals="0" methods="1" coveredmethods="1"/>
        <file name="App.js" path="/Users/ALASTAIR/Code/react/stock_app/App.js">
          <metrics statements="3" coveredstatements="3" conditionals="0" coveredconditionals="0" methods="1" coveredmethods="1"/>
          <line num="10" count="1" type="stmt"/>
          <line num="19" count="1" type="stmt"/>
          <line num="29" count="1" type="stmt"/>
        </file>
        <file name="setupTests.js" path="/Users/ALASTAIR/Code/react/stock_app/setupTests.js">
          <metrics statements="1" coveredstatements="1" conditionals="0" coveredconditionals="0" methods="0" coveredmethods="0"/>
          <line num="3" count="4" type="stmt"/>
        </file>
      </package>
      <package name="stock_app.src.components">
        <metrics statements="9" coveredstatements="9" conditionals="0" coveredconditionals="0" methods="6" coveredmethods="6"/>
        <file name="Button.js" path="/Users/ALASTAIR/Code/react/stock_app/src/components/Button.js">
          <metrics statements="5" coveredstatements="5" conditionals="0" coveredconditionals="0" methods="3" coveredmethods="3"/>
          <line num="6" count="4" type="stmt"/>
          <line num="8" count="4" type="stmt"/>
          <line num="11" count="1" type="stmt"/>
          <line num="15" count="4" type="stmt"/>
          <line num="26" count="2" type="stmt"/>
        </file>
        <file name="Input.js" path="/Users/ALASTAIR/Code/react/stock_app/src/components/Input.js">
          <metrics statements="4" coveredstatements="4" conditionals="0" coveredconditionals="0" methods="3" coveredmethods="3"/>
          <line num="6" count="2" type="stmt"/>
          <line num="10" count="4" type="stmt"/>
          <line num="16" count="1" type="stmt"/>
          <line num="27" count="2" type="stmt"/>
        </file>
      </package>
      <package name="stock_app.src.screens">
        <metrics statements="10" coveredstatements="10" conditionals="4" coveredconditionals="4" methods="4" coveredmethods="4"/>
        <file name="Login.js" path="/Users/ALASTAIR/Code/react/stock_app/src/screens/Login.js">
          <metrics statements="10" coveredstatements="10" conditionals="4" coveredconditionals="4" methods="4" coveredmethods="4"/>
          <line num="9" count="6" type="stmt"/>
          <line num="10" count="6" type="stmt"/>
          <line num="15" count="6" type="stmt"/>
          <line num="19" count="1" type="stmt"/>
          <line num="23" count="2" type="cond" truecount="4" falsecount="0"/>
          <line num="24" count="1" type="stmt"/>
          <line num="28" count="1" type="stmt"/>
          <line num="32" count="14" type="stmt"/>
          <line num="65" count="1" type="stmt"/>
          <line num="100" count="1" type="stmt"/>
        </file>
      </package>
    </metrics>
  </project>
</coverage>
