{"/Users/ALASTAIR/Code/react/stock_app/App.js": {"path":"/Users/ALASTAIR/Code/react/stock_app/App.js","statementMap":{"0":{"start":{"line":10,"column":21},"end":{"line":15,"column":2}},"1":{"start":{"line":19,"column":4},"end":{"line":25,"column":6}},"2":{"start":{"line":29,"column":15},"end":{"line":46,"column":2}}},"fnMap":{"0":{"name":"(anonymous_0)","decl":{"start":{"line":18,"column":2},"end":{"line":18,"column":3}},"loc":{"start":{"line":18,"column":11},"end":{"line":26,"column":3}},"line":18}},"branchMap":{},"s":{"0":1,"1":1,"2":1},"f":{"0":1},"b":{},"_coverageSchema":"332fd63041d2c1bcb487cc26dd0d5f7d97098a6c","hash":"943f976a2001591474ef3126862020f1706da481"}
,"/Users/ALASTAIR/Code/react/stock_app/setupTests.js": {"path":"/Users/ALASTAIR/Code/react/stock_app/setupTests.js","statementMap":{"0":{"start":{"line":3,"column":0},"end":{"line":3,"column":45}}},"fnMap":{},"branchMap":{},"s":{"0":4},"f":{},"b":{},"_coverageSchema":"332fd63041d2c1bcb487cc26dd0d5f7d97098a6c","hash":"c1b1bad15210399fa42df570327189155f373870"}
,"/Users/ALASTAIR/Code/react/stock_app/src/components/Button.js": {"path":"/Users/ALASTAIR/Code/react/stock_app/src/components/Button.js","statementMap":{"0":{"start":{"line":6,"column":4},"end":{"line":6,"column":17}},"1":{"start":{"line":8,"column":4},"end":{"line":8,"column":43}},"2":{"start":{"line":11,"column":4},"end":{"line":11,"column":29}},"3":{"start":{"line":15,"column":4},"end":{"line":22,"column":6}},"4":{"start":{"line":26,"column":15},"end":{"line":34,"column":2}}},"fnMap":{"0":{"name":"(anonymous_0)","decl":{"start":{"line":5,"column":2},"end":{"line":5,"column":3}},"loc":{"start":{"line":5,"column":21},"end":{"line":9,"column":3}},"line":5},"1":{"name":"(anonymous_1)","decl":{"start":{"line":10,"column":12},"end":{"line":10,"column":13}},"loc":{"start":{"line":10,"column":18},"end":{"line":12,"column":3}},"line":10},"2":{"name":"(anonymous_2)","decl":{"start":{"line":14,"column":2},"end":{"line":14,"column":3}},"loc":{"start":{"line":14,"column":11},"end":{"line":23,"column":3}},"line":14}},"branchMap":{},"s":{"0":4,"1":4,"2":1,"3":4,"4":2},"f":{"0":4,"1":1,"2":4},"b":{},"_coverageSchema":"332fd63041d2c1bcb487cc26dd0d5f7d97098a6c","hash":"df7f81f067480faf01b3846cd63330fbf1814e45"}
,"/Users/ALASTAIR/Code/react/stock_app/src/components/Input.js": {"path":"/Users/ALASTAIR/Code/react/stock_app/src/components/Input.js","statementMap":{"0":{"start":{"line":6,"column":4},"end":{"line":6,"column":51}},"1":{"start":{"line":10,"column":4},"end":{"line":23,"column":6}},"2":{"start":{"line":16,"column":32},"end":{"line":16,"column":55}},"3":{"start":{"line":27,"column":15},"end":{"line":44,"column":2}}},"fnMap":{"0":{"name":"(anonymous_0)","decl":{"start":{"line":5,"column":17},"end":{"line":5,"column":18}},"loc":{"start":{"line":5,"column":26},"end":{"line":7,"column":3}},"line":5},"1":{"name":"(anonymous_1)","decl":{"start":{"line":9,"column":2},"end":{"line":9,"column":3}},"loc":{"start":{"line":9,"column":11},"end":{"line":24,"column":3}},"line":9},"2":{"name":"(anonymous_2)","decl":{"start":{"line":16,"column":24},"end":{"line":16,"column":25}},"loc":{"start":{"line":16,"column":32},"end":{"line":16,"column":55}},"line":16}},"branchMap":{},"s":{"0":2,"1":4,"2":1,"3":2},"f":{"0":2,"1":4,"2":1},"b":{},"_coverageSchema":"332fd63041d2c1bcb487cc26dd0d5f7d97098a6c","hash":"fb94674355430ea403c069faab04f0db115d4f85"}
,"/Users/ALASTAIR/Code/react/stock_app/src/screens/Login.js": {"path":"/Users/ALASTAIR/Code/react/stock_app/src/screens/Login.js","statementMap":{"0":{"start":{"line":9,"column":4},"end":{"line":9,"column":17}},"1":{"start":{"line":10,"column":4},"end":{"line":13,"column":6}},"2":{"start":{"line":15,"column":4},"end":{"line":15,"column":61}},"3":{"start":{"line":19,"column":4},"end":{"line":19,"column":36}},"4":{"start":{"line":23,"column":4},"end":{"line":29,"column":5}},"5":{"start":{"line":24,"column":26},"end":{"line":27,"column":8}},"6":{"start":{"line":28,"column":6},"end":{"line":28,"column":50}},"7":{"start":{"line":32,"column":4},"end":{"line":61,"column":6}},"8":{"start":{"line":65,"column":15},"end":{"line":98,"column":2}},"9":{"start":{"line":100,"column":0},"end":{"line":113,"column":2}}},"fnMap":{"0":{"name":"(anonymous_0)","decl":{"start":{"line":8,"column":2},"end":{"line":8,"column":3}},"loc":{"start":{"line":8,"column":21},"end":{"line":16,"column":3}},"line":8},"1":{"name":"(anonymous_1)","decl":{"start":{"line":18,"column":21},"end":{"line":18,"column":22}},"loc":{"start":{"line":18,"column":37},"end":{"line":20,"column":3}},"line":18},"2":{"name":"(anonymous_2)","decl":{"start":{"line":22,"column":21},"end":{"line":22,"column":22}},"loc":{"start":{"line":22,"column":27},"end":{"line":30,"column":3}},"line":22},"3":{"name":"(anonymous_3)","decl":{"start":{"line":31,"column":2},"end":{"line":31,"column":3}},"loc":{"start":{"line":31,"column":11},"end":{"line":62,"column":3}},"line":31}},"branchMap":{"0":{"loc":{"start":{"line":23,"column":4},"end":{"line":29,"column":5}},"type":"if","locations":[{"start":{"line":23,"column":4},"end":{"line":29,"column":5}},{"start":{"line":23,"column":4},"end":{"line":29,"column":5}}],"line":23},"1":{"loc":{"start":{"line":23,"column":8},"end":{"line":23,"column":71}},"type":"binary-expr","locations":[{"start":{"line":23,"column":8},"end":{"line":23,"column":37}},{"start":{"line":23,"column":41},"end":{"line":23,"column":71}}],"line":23}},"s":{"0":6,"1":6,"2":6,"3":1,"4":2,"5":1,"6":1,"7":14,"8":1,"9":1},"f":{"0":6,"1":1,"2":2,"3":14},"b":{"0":[1,1],"1":[2,1]},"_coverageSchema":"332fd63041d2c1bcb487cc26dd0d5f7d97098a6c","hash":"2b9f4239b41fc4e28b9a30383da6c26d96f84453"}
}
