{"/Users/ALASTAIR/Code/react/stock_app/App.js": {"path":"/Users/ALASTAIR/Code/react/stock_app/App.js","statementMap":{"0":{"start":{"line":14,"column":14},"end":{"line":14,"column":30}},"1":{"start":{"line":16,"column":18},"end":{"line":28,"column":1}},"2":{"start":{"line":32,"column":4},"end":{"line":36,"column":6}}},"fnMap":{"0":{"name":"(anonymous_0)","decl":{"start":{"line":31,"column":2},"end":{"line":31,"column":3}},"loc":{"start":{"line":31,"column":11},"end":{"line":37,"column":3}},"line":31}},"branchMap":{},"s":{"0":1,"1":1,"2":1},"f":{"0":1},"b":{},"_coverageSchema":"332fd63041d2c1bcb487cc26dd0d5f7d97098a6c","hash":"178fdd35dbd004d64aa3d0f09f1155d5d0227fd4"}
,"/Users/ALASTAIR/Code/react/stock_app/setupTests.js": {"path":"/Users/ALASTAIR/Code/react/stock_app/setupTests.js","statementMap":{"0":{"start":{"line":3,"column":0},"end":{"line":3,"column":45}}},"fnMap":{},"branchMap":{},"s":{"0":14},"f":{},"b":{},"_coverageSchema":"332fd63041d2c1bcb487cc26dd0d5f7d97098a6c","hash":"c1b1bad15210399fa42df570327189155f373870"}
,"/Users/ALASTAIR/Code/react/stock_app/src/constants.js": {"path":"/Users/ALASTAIR/Code/react/stock_app/src/constants.js","statementMap":{},"fnMap":{},"branchMap":{},"s":{},"f":{},"b":{},"_coverageSchema":"332fd63041d2c1bcb487cc26dd0d5f7d97098a6c","hash":"c87e5d65cad48e97e8dab5e8d74b5229610b5e8d"}
,"/Users/ALASTAIR/Code/react/stock_app/src/actions/index.js": {"path":"/Users/ALASTAIR/Code/react/stock_app/src/actions/index.js","statementMap":{"0":{"start":{"line":3,"column":22},"end":{"line":3,"column":30}},"1":{"start":{"line":4,"column":21},"end":{"line":4,"column":28}},"2":{"start":{"line":5,"column":24},"end":{"line":5,"column":34}},"3":{"start":{"line":6,"column":32},"end":{"line":6,"column":50}},"4":{"start":{"line":7,"column":32},"end":{"line":7,"column":50}},"5":{"start":{"line":8,"column":41},"end":{"line":8,"column":68}},"6":{"start":{"line":11,"column":2},"end":{"line":11,"column":98}},"7":{"start":{"line":12,"column":17},"end":{"line":12,"column":62}},"8":{"start":{"line":15,"column":2},"end":{"line":17,"column":4}},"9":{"start":{"line":21,"column":2},"end":{"line":23,"column":4}},"10":{"start":{"line":27,"column":2},"end":{"line":29,"column":4}},"11":{"start":{"line":33,"column":2},"end":{"line":37,"column":4}},"12":{"start":{"line":41,"column":2},"end":{"line":43,"column":4}},"13":{"start":{"line":47,"column":2},"end":{"line":50,"column":4}},"14":{"start":{"line":53,"column":2},"end":{"line":73,"column":4}},"15":{"start":{"line":54,"column":4},"end":{"line":54,"column":24}},"16":{"start":{"line":55,"column":4},"end":{"line":72,"column":9}},"17":{"start":{"line":57,"column":8},"end":{"line":57,"column":55}},"18":{"start":{"line":58,"column":8},"end":{"line":58,"column":31}},"19":{"start":{"line":61,"column":8},"end":{"line":61,"column":45}},"20":{"start":{"line":62,"column":28},"end":{"line":65,"column":10}},"21":{"start":{"line":63,"column":10},"end":{"line":63,"column":39}},"22":{"start":{"line":64,"column":10},"end":{"line":64,"column":67}},"23":{"start":{"line":66,"column":8},"end":{"line":66,"column":38}},"24":{"start":{"line":67,"column":8},"end":{"line":67,"column":80}},"25":{"start":{"line":70,"column":8},"end":{"line":70,"column":48}},"26":{"start":{"line":71,"column":8},"end":{"line":71,"column":35}},"27":{"start":{"line":77,"column":2},"end":{"line":101,"column":4}},"28":{"start":{"line":78,"column":4},"end":{"line":78,"column":24}},"29":{"start":{"line":79,"column":4},"end":{"line":100,"column":9}},"30":{"start":{"line":84,"column":8},"end":{"line":84,"column":30}},"31":{"start":{"line":85,"column":8},"end":{"line":85,"column":31}},"32":{"start":{"line":88,"column":8},"end":{"line":88,"column":45}},"33":{"start":{"line":89,"column":8},"end":{"line":95,"column":9}},"34":{"start":{"line":90,"column":10},"end":{"line":90,"column":37}},"35":{"start":{"line":92,"column":10},"end":{"line":94,"column":12}},"36":{"start":{"line":98,"column":8},"end":{"line":98,"column":48}},"37":{"start":{"line":99,"column":8},"end":{"line":99,"column":35}},"38":{"start":{"line":105,"column":2},"end":{"line":126,"column":4}},"39":{"start":{"line":106,"column":4},"end":{"line":106,"column":24}},"40":{"start":{"line":107,"column":4},"end":{"line":125,"column":9}},"41":{"start":{"line":112,"column":8},"end":{"line":112,"column":31}},"42":{"start":{"line":115,"column":8},"end":{"line":115,"column":45}},"43":{"start":{"line":116,"column":28},"end":{"line":118,"column":10}},"44":{"start":{"line":117,"column":10},"end":{"line":117,"column":67}},"45":{"start":{"line":119,"column":8},"end":{"line":119,"column":38}},"46":{"start":{"line":120,"column":8},"end":{"line":120,"column":80}},"47":{"start":{"line":123,"column":8},"end":{"line":123,"column":43}},"48":{"start":{"line":124,"column":8},"end":{"line":124,"column":35}}},"fnMap":{"0":{"name":"login","decl":{"start":{"line":14,"column":16},"end":{"line":14,"column":21}},"loc":{"start":{"line":14,"column":24},"end":{"line":18,"column":1}},"line":14},"1":{"name":"logout","decl":{"start":{"line":20,"column":16},"end":{"line":20,"column":22}},"loc":{"start":{"line":20,"column":25},"end":{"line":24,"column":1}},"line":20},"2":{"name":"getData","decl":{"start":{"line":26,"column":16},"end":{"line":26,"column":23}},"loc":{"start":{"line":26,"column":26},"end":{"line":30,"column":1}},"line":26},"3":{"name":"getDataSuccess","decl":{"start":{"line":32,"column":16},"end":{"line":32,"column":30}},"loc":{"start":{"line":32,"column":43},"end":{"line":38,"column":1}},"line":32},"4":{"name":"getDataFailure","decl":{"start":{"line":40,"column":16},"end":{"line":40,"column":30}},"loc":{"start":{"line":40,"column":33},"end":{"line":44,"column":1}},"line":40},"5":{"name":"getDataCurrencySuccess","decl":{"start":{"line":46,"column":16},"end":{"line":46,"column":38}},"loc":{"start":{"line":46,"column":45},"end":{"line":51,"column":1}},"line":46},"6":{"name":"initialFetchData","decl":{"start":{"line":52,"column":16},"end":{"line":52,"column":32}},"loc":{"start":{"line":52,"column":35},"end":{"line":74,"column":1}},"line":52},"7":{"name":"(anonymous_7)","decl":{"start":{"line":53,"column":9},"end":{"line":53,"column":10}},"loc":{"start":{"line":53,"column":21},"end":{"line":73,"column":3}},"line":53},"8":{"name":"(anonymous_8)","decl":{"start":{"line":56,"column":12},"end":{"line":56,"column":13}},"loc":{"start":{"line":56,"column":24},"end":{"line":59,"column":7}},"line":56},"9":{"name":"(anonymous_9)","decl":{"start":{"line":60,"column":12},"end":{"line":60,"column":13}},"loc":{"start":{"line":60,"column":20},"end":{"line":68,"column":7}},"line":60},"10":{"name":"(anonymous_10)","decl":{"start":{"line":62,"column":73},"end":{"line":62,"column":74}},"loc":{"start":{"line":62,"column":78},"end":{"line":65,"column":9}},"line":62},"11":{"name":"(anonymous_11)","decl":{"start":{"line":69,"column":13},"end":{"line":69,"column":14}},"loc":{"start":{"line":69,"column":20},"end":{"line":72,"column":7}},"line":69},"12":{"name":"fetchCurrency","decl":{"start":{"line":76,"column":16},"end":{"line":76,"column":29}},"loc":{"start":{"line":76,"column":56},"end":{"line":102,"column":1}},"line":76},"13":{"name":"(anonymous_13)","decl":{"start":{"line":77,"column":9},"end":{"line":77,"column":10}},"loc":{"start":{"line":77,"column":21},"end":{"line":101,"column":3}},"line":77},"14":{"name":"(anonymous_14)","decl":{"start":{"line":83,"column":12},"end":{"line":83,"column":13}},"loc":{"start":{"line":83,"column":24},"end":{"line":86,"column":7}},"line":83},"15":{"name":"(anonymous_15)","decl":{"start":{"line":87,"column":12},"end":{"line":87,"column":13}},"loc":{"start":{"line":87,"column":20},"end":{"line":96,"column":7}},"line":87},"16":{"name":"(anonymous_16)","decl":{"start":{"line":97,"column":13},"end":{"line":97,"column":14}},"loc":{"start":{"line":97,"column":20},"end":{"line":100,"column":7}},"line":97},"17":{"name":"fetchStock","decl":{"start":{"line":104,"column":16},"end":{"line":104,"column":26}},"loc":{"start":{"line":104,"column":36},"end":{"line":127,"column":1}},"line":104},"18":{"name":"(anonymous_18)","decl":{"start":{"line":105,"column":9},"end":{"line":105,"column":10}},"loc":{"start":{"line":105,"column":21},"end":{"line":126,"column":3}},"line":105},"19":{"name":"(anonymous_19)","decl":{"start":{"line":111,"column":12},"end":{"line":111,"column":13}},"loc":{"start":{"line":111,"column":24},"end":{"line":113,"column":7}},"line":111},"20":{"name":"(anonymous_20)","decl":{"start":{"line":114,"column":12},"end":{"line":114,"column":13}},"loc":{"start":{"line":114,"column":20},"end":{"line":121,"column":7}},"line":114},"21":{"name":"(anonymous_21)","decl":{"start":{"line":116,"column":73},"end":{"line":116,"column":74}},"loc":{"start":{"line":116,"column":78},"end":{"line":118,"column":9}},"line":116},"22":{"name":"(anonymous_22)","decl":{"start":{"line":122,"column":13},"end":{"line":122,"column":14}},"loc":{"start":{"line":122,"column":20},"end":{"line":125,"column":7}},"line":122}},"branchMap":{"0":{"loc":{"start":{"line":89,"column":8},"end":{"line":95,"column":9}},"type":"if","locations":[{"start":{"line":89,"column":8},"end":{"line":95,"column":9}},{"start":{"line":89,"column":8},"end":{"line":95,"column":9}}],"line":89}},"s":{"0":6,"1":6,"2":6,"3":6,"4":6,"5":6,"6":6,"7":6,"8":2,"9":1,"10":8,"11":3,"12":5,"13":2,"14":3,"15":2,"16":2,"17":2,"18":2,"19":2,"20":2,"21":5,"22":5,"23":1,"24":1,"25":1,"26":1,"27":4,"28":3,"29":3,"30":3,"31":3,"32":2,"33":2,"34":1,"35":1,"36":1,"37":1,"38":3,"39":2,"40":2,"41":2,"42":2,"43":2,"44":5,"45":1,"46":1,"47":1,"48":1},"f":{"0":2,"1":1,"2":8,"3":3,"4":5,"5":2,"6":3,"7":2,"8":2,"9":2,"10":5,"11":1,"12":4,"13":3,"14":3,"15":2,"16":1,"17":3,"18":2,"19":2,"20":2,"21":5,"22":1},"b":{"0":[1,1]},"_coverageSchema":"332fd63041d2c1bcb487cc26dd0d5f7d97098a6c","hash":"1d5a6d7b82edfec15a5a8611cb2806009b30ab10"}
,"/Users/ALASTAIR/Code/react/stock_app/src/components/Button.js": {"path":"/Users/ALASTAIR/Code/react/stock_app/src/components/Button.js","statementMap":{"0":{"start":{"line":6,"column":4},"end":{"line":6,"column":17}},"1":{"start":{"line":8,"column":4},"end":{"line":8,"column":43}},"2":{"start":{"line":11,"column":4},"end":{"line":11,"column":29}},"3":{"start":{"line":15,"column":4},"end":{"line":22,"column":6}},"4":{"start":{"line":26,"column":15},"end":{"line":34,"column":2}}},"fnMap":{"0":{"name":"(anonymous_0)","decl":{"start":{"line":5,"column":2},"end":{"line":5,"column":3}},"loc":{"start":{"line":5,"column":21},"end":{"line":9,"column":3}},"line":5},"1":{"name":"(anonymous_1)","decl":{"start":{"line":10,"column":12},"end":{"line":10,"column":13}},"loc":{"start":{"line":10,"column":18},"end":{"line":12,"column":3}},"line":10},"2":{"name":"(anonymous_2)","decl":{"start":{"line":14,"column":2},"end":{"line":14,"column":3}},"loc":{"start":{"line":14,"column":11},"end":{"line":23,"column":3}},"line":14}},"branchMap":{},"s":{"0":5,"1":5,"2":1,"3":5,"4":7},"f":{"0":5,"1":1,"2":5},"b":{},"_coverageSchema":"332fd63041d2c1bcb487cc26dd0d5f7d97098a6c","hash":"df7f81f067480faf01b3846cd63330fbf1814e45"}
,"/Users/ALASTAIR/Code/react/stock_app/src/components/Error.js": {"path":"/Users/ALASTAIR/Code/react/stock_app/src/components/Error.js","statementMap":{"0":{"start":{"line":15,"column":4},"end":{"line":15,"column":17}},"1":{"start":{"line":17,"column":4},"end":{"line":17,"column":53}},"2":{"start":{"line":18,"column":4},"end":{"line":18,"column":53}},"3":{"start":{"line":19,"column":4},"end":{"line":19,"column":43}},"4":{"start":{"line":22,"column":4},"end":{"line":22,"column":78}},"5":{"start":{"line":23,"column":4},"end":{"line":23,"column":41}},"6":{"start":{"line":27,"column":4},"end":{"line":27,"column":30}},"7":{"start":{"line":31,"column":4},"end":{"line":31,"column":28}},"8":{"start":{"line":35,"column":4},"end":{"line":75,"column":6}},"9":{"start":{"line":79,"column":15},"end":{"line":99,"column":2}}},"fnMap":{"0":{"name":"(anonymous_0)","decl":{"start":{"line":14,"column":2},"end":{"line":14,"column":3}},"loc":{"start":{"line":14,"column":21},"end":{"line":20,"column":3}},"line":14},"1":{"name":"(anonymous_1)","decl":{"start":{"line":21,"column":17},"end":{"line":21,"column":18}},"loc":{"start":{"line":21,"column":34},"end":{"line":24,"column":3}},"line":21},"2":{"name":"(anonymous_2)","decl":{"start":{"line":26,"column":17},"end":{"line":26,"column":18}},"loc":{"start":{"line":26,"column":23},"end":{"line":28,"column":3}},"line":26},"3":{"name":"(anonymous_3)","decl":{"start":{"line":30,"column":12},"end":{"line":30,"column":13}},"loc":{"start":{"line":30,"column":18},"end":{"line":32,"column":3}},"line":30},"4":{"name":"(anonymous_4)","decl":{"start":{"line":34,"column":2},"end":{"line":34,"column":3}},"loc":{"start":{"line":34,"column":11},"end":{"line":76,"column":3}},"line":34}},"branchMap":{"0":{"loc":{"start":{"line":45,"column":11},"end":{"line":72,"column":11}},"type":"cond-expr","locations":[{"start":{"line":46,"column":12},"end":{"line":59,"column":14}},{"start":{"line":61,"column":12},"end":{"line":71,"column":14}}],"line":45}},"s":{"0":6,"1":6,"2":6,"3":6,"4":1,"5":1,"6":1,"7":1,"8":13,"9":4},"f":{"0":6,"1":1,"2":1,"3":1,"4":13},"b":{"0":[1,12]},"_coverageSchema":"332fd63041d2c1bcb487cc26dd0d5f7d97098a6c","hash":"e52f22281113ef646f33fa583330b673049ec73b"}
,"/Users/ALASTAIR/Code/react/stock_app/src/components/Input.js": {"path":"/Users/ALASTAIR/Code/react/stock_app/src/components/Input.js","statementMap":{"0":{"start":{"line":6,"column":4},"end":{"line":6,"column":51}},"1":{"start":{"line":10,"column":4},"end":{"line":24,"column":6}},"2":{"start":{"line":16,"column":32},"end":{"line":16,"column":55}},"3":{"start":{"line":28,"column":15},"end":{"line":45,"column":2}}},"fnMap":{"0":{"name":"(anonymous_0)","decl":{"start":{"line":5,"column":17},"end":{"line":5,"column":18}},"loc":{"start":{"line":5,"column":26},"end":{"line":7,"column":3}},"line":5},"1":{"name":"(anonymous_1)","decl":{"start":{"line":9,"column":2},"end":{"line":9,"column":3}},"loc":{"start":{"line":9,"column":11},"end":{"line":25,"column":3}},"line":9},"2":{"name":"(anonymous_2)","decl":{"start":{"line":16,"column":24},"end":{"line":16,"column":25}},"loc":{"start":{"line":16,"column":32},"end":{"line":16,"column":55}},"line":16}},"branchMap":{},"s":{"0":2,"1":8,"2":1,"3":7},"f":{"0":2,"1":8,"2":1},"b":{},"_coverageSchema":"332fd63041d2c1bcb487cc26dd0d5f7d97098a6c","hash":"4fc0b251a3e8b561c73b2f45e4608216bfe13123"}
,"/Users/ALASTAIR/Code/react/stock_app/src/components/Instructions.js": {"path":"/Users/ALASTAIR/Code/react/stock_app/src/components/Instructions.js","statementMap":{"0":{"start":{"line":4,"column":21},"end":{"line":10,"column":1}},"1":{"start":{"line":5,"column":2},"end":{"line":9,"column":4}},"2":{"start":{"line":12,"column":15},"end":{"line":18,"column":2}}},"fnMap":{"0":{"name":"(anonymous_0)","decl":{"start":{"line":4,"column":21},"end":{"line":4,"column":22}},"loc":{"start":{"line":4,"column":58},"end":{"line":10,"column":1}},"line":4}},"branchMap":{},"s":{"0":5,"1":1,"2":5},"f":{"0":1},"b":{},"_coverageSchema":"332fd63041d2c1bcb487cc26dd0d5f7d97098a6c","hash":"9cc74fc45604b4cb200b1cf213661a962b5231bd"}
,"/Users/ALASTAIR/Code/react/stock_app/src/components/Loading.js": {"path":"/Users/ALASTAIR/Code/react/stock_app/src/components/Loading.js","statementMap":{"0":{"start":{"line":4,"column":16},"end":{"line":10,"column":1}},"1":{"start":{"line":5,"column":2},"end":{"line":9,"column":4}},"2":{"start":{"line":12,"column":15},"end":{"line":21,"column":2}}},"fnMap":{"0":{"name":"(anonymous_0)","decl":{"start":{"line":4,"column":16},"end":{"line":4,"column":17}},"loc":{"start":{"line":4,"column":22},"end":{"line":10,"column":1}},"line":4}},"branchMap":{},"s":{"0":4,"1":1,"2":4},"f":{"0":1},"b":{},"_coverageSchema":"332fd63041d2c1bcb487cc26dd0d5f7d97098a6c","hash":"7bae4d5a6f10e370d2d97b4cb7940461d816cf00"}
,"/Users/ALASTAIR/Code/react/stock_app/src/components/Rates.js": {"path":"/Users/ALASTAIR/Code/react/stock_app/src/components/Rates.js","statementMap":{"0":{"start":{"line":4,"column":14},"end":{"line":21,"column":1}},"1":{"start":{"line":5,"column":2},"end":{"line":5,"column":41}},"2":{"start":{"line":6,"column":2},"end":{"line":20,"column":4}},"3":{"start":{"line":23,"column":15},"end":{"line":36,"column":2}}},"fnMap":{"0":{"name":"(anonymous_0)","decl":{"start":{"line":4,"column":14},"end":{"line":4,"column":15}},"loc":{"start":{"line":4,"column":28},"end":{"line":21,"column":1}},"line":4}},"branchMap":{},"s":{"0":3,"1":1,"2":1,"3":3},"f":{"0":1},"b":{},"_coverageSchema":"332fd63041d2c1bcb487cc26dd0d5f7d97098a6c","hash":"45db8a09e42a7493c7dddb6fb859f015cf6936a3"}
,"/Users/ALASTAIR/Code/react/stock_app/src/components/Search.js": {"path":"/Users/ALASTAIR/Code/react/stock_app/src/components/Search.js","statementMap":{"0":{"start":{"line":14,"column":4},"end":{"line":14,"column":17}},"1":{"start":{"line":16,"column":4},"end":{"line":16,"column":53}},"2":{"start":{"line":17,"column":4},"end":{"line":17,"column":53}},"3":{"start":{"line":20,"column":4},"end":{"line":20,"column":41}},"4":{"start":{"line":24,"column":4},"end":{"line":24,"column":30}},"5":{"start":{"line":28,"column":4},"end":{"line":86,"column":6}},"6":{"start":{"line":90,"column":15},"end":{"line":126,"column":2}}},"fnMap":{"0":{"name":"(anonymous_0)","decl":{"start":{"line":13,"column":2},"end":{"line":13,"column":3}},"loc":{"start":{"line":13,"column":21},"end":{"line":18,"column":3}},"line":13},"1":{"name":"(anonymous_1)","decl":{"start":{"line":19,"column":17},"end":{"line":19,"column":18}},"loc":{"start":{"line":19,"column":34},"end":{"line":21,"column":3}},"line":19},"2":{"name":"(anonymous_2)","decl":{"start":{"line":23,"column":17},"end":{"line":23,"column":18}},"loc":{"start":{"line":23,"column":23},"end":{"line":25,"column":3}},"line":23},"3":{"name":"(anonymous_3)","decl":{"start":{"line":27,"column":2},"end":{"line":27,"column":3}},"loc":{"start":{"line":27,"column":11},"end":{"line":87,"column":3}},"line":27}},"branchMap":{"0":{"loc":{"start":{"line":30,"column":9},"end":{"line":84,"column":9}},"type":"cond-expr","locations":[{"start":{"line":31,"column":10},"end":{"line":62,"column":17}},{"start":{"line":64,"column":10},"end":{"line":83,"column":17}}],"line":30}},"s":{"0":7,"1":7,"2":7,"3":2,"4":1,"5":15,"6":5},"f":{"0":7,"1":2,"2":1,"3":15},"b":{"0":[1,14]},"_coverageSchema":"332fd63041d2c1bcb487cc26dd0d5f7d97098a6c","hash":"598f37981faafe2f463ad20b30aaca28ad551ef9"}
,"/Users/ALASTAIR/Code/react/stock_app/src/components/StockItem.js": {"path":"/Users/ALASTAIR/Code/react/stock_app/src/components/StockItem.js","statementMap":{"0":{"start":{"line":4,"column":18},"end":{"line":20,"column":1}},"1":{"start":{"line":5,"column":2},"end":{"line":19,"column":4}},"2":{"start":{"line":22,"column":15},"end":{"line":44,"column":2}}},"fnMap":{"0":{"name":"(anonymous_0)","decl":{"start":{"line":4,"column":18},"end":{"line":4,"column":19}},"loc":{"start":{"line":4,"column":32},"end":{"line":20,"column":1}},"line":4}},"branchMap":{},"s":{"0":3,"1":1,"2":3},"f":{"0":1},"b":{},"_coverageSchema":"332fd63041d2c1bcb487cc26dd0d5f7d97098a6c","hash":"4bca6b2a8861d434ef2bd64384daccdb9d503d3b"}
,"/Users/ALASTAIR/Code/react/stock_app/src/reducers/dataReducer.js": {"path":"/Users/ALASTAIR/Code/react/stock_app/src/reducers/dataReducer.js","statementMap":{"0":{"start":{"line":10,"column":21},"end":{"line":18,"column":1}},"1":{"start":{"line":21,"column":2},"end":{"line":21,"column":32}},"2":{"start":{"line":22,"column":2},"end":{"line":62,"column":3}},"3":{"start":{"line":24,"column":6},"end":{"line":27,"column":8}},"4":{"start":{"line":29,"column":6},"end":{"line":32,"column":8}},"5":{"start":{"line":34,"column":6},"end":{"line":40,"column":8}},"6":{"start":{"line":42,"column":6},"end":{"line":47,"column":8}},"7":{"start":{"line":49,"column":6},"end":{"line":53,"column":8}},"8":{"start":{"line":55,"column":6},"end":{"line":59,"column":8}},"9":{"start":{"line":61,"column":6},"end":{"line":61,"column":19}}},"fnMap":{"0":{"name":"dataReducer","decl":{"start":{"line":20,"column":24},"end":{"line":20,"column":35}},"loc":{"start":{"line":20,"column":66},"end":{"line":63,"column":1}},"line":20}},"branchMap":{"0":{"loc":{"start":{"line":20,"column":36},"end":{"line":20,"column":56}},"type":"default-arg","locations":[{"start":{"line":20,"column":44},"end":{"line":20,"column":56}}],"line":20},"1":{"loc":{"start":{"line":22,"column":2},"end":{"line":62,"column":3}},"type":"switch","locations":[{"start":{"line":23,"column":4},"end":{"line":27,"column":8}},{"start":{"line":28,"column":4},"end":{"line":32,"column":8}},{"start":{"line":33,"column":4},"end":{"line":40,"column":8}},{"start":{"line":41,"column":4},"end":{"line":47,"column":8}},{"start":{"line":48,"column":4},"end":{"line":53,"column":8}},{"start":{"line":54,"column":4},"end":{"line":59,"column":8}},{"start":{"line":60,"column":4},"end":{"line":61,"column":19}}],"line":22}},"s":{"0":2,"1":10,"2":10,"3":1,"4":1,"5":1,"6":1,"7":1,"8":1,"9":4},"f":{"0":10},"b":{"0":[4],"1":[1,1,1,1,1,1,4]},"_coverageSchema":"332fd63041d2c1bcb487cc26dd0d5f7d97098a6c","hash":"9bc537da23181a81e5a6d73ca2846fbc0f306c00"}
,"/Users/ALASTAIR/Code/react/stock_app/src/reducers/index.js": {"path":"/Users/ALASTAIR/Code/react/stock_app/src/reducers/index.js","statementMap":{"0":{"start":{"line":4,"column":20},"end":{"line":6,"column":2}}},"fnMap":{},"branchMap":{},"s":{"0":1},"f":{},"b":{},"_coverageSchema":"332fd63041d2c1bcb487cc26dd0d5f7d97098a6c","hash":"82c5469d3fdf84e35167466412fd27f009e58747"}
,"/Users/ALASTAIR/Code/react/stock_app/src/screens/Dashboard.js": {"path":"/Users/ALASTAIR/Code/react/stock_app/src/screens/Dashboard.js","statementMap":{"0":{"start":{"line":7,"column":20},"end":{"line":7,"column":50}}},"fnMap":{},"branchMap":{},"s":{"0":1},"f":{},"b":{},"_coverageSchema":"332fd63041d2c1bcb487cc26dd0d5f7d97098a6c","hash":"96077e148f97af1a2e2c2c45ff83a5a0694f39b4"}
,"/Users/ALASTAIR/Code/react/stock_app/src/screens/Exchange.js": {"path":"/Users/ALASTAIR/Code/react/stock_app/src/screens/Exchange.js","statementMap":{"0":{"start":{"line":14,"column":4},"end":{"line":14,"column":17}},"1":{"start":{"line":15,"column":4},"end":{"line":18,"column":6}},"2":{"start":{"line":19,"column":4},"end":{"line":19,"column":61}},"3":{"start":{"line":20,"column":4},"end":{"line":20,"column":53}},"4":{"start":{"line":24,"column":4},"end":{"line":24,"column":36}},"5":{"start":{"line":28,"column":4},"end":{"line":32,"column":5}},"6":{"start":{"line":29,"column":6},"end":{"line":29,"column":79}},"7":{"start":{"line":31,"column":6},"end":{"line":31,"column":79}},"8":{"start":{"line":36,"column":4},"end":{"line":38,"column":5}},"9":{"start":{"line":37,"column":6},"end":{"line":37,"column":25}},"10":{"start":{"line":40,"column":4},"end":{"line":58,"column":5}},"11":{"start":{"line":41,"column":6},"end":{"line":57,"column":8}},"12":{"start":{"line":60,"column":4},"end":{"line":86,"column":6}},"13":{"start":{"line":90,"column":15},"end":{"line":110,"column":2}},"14":{"start":{"line":112,"column":0},"end":{"line":125,"column":2}},"15":{"start":{"line":128,"column":2},"end":{"line":130,"column":4}},"16":{"start":{"line":134,"column":2},"end":{"line":137,"column":4}},"17":{"start":{"line":136,"column":6},"end":{"line":136,"column":55}}},"fnMap":{"0":{"name":"(anonymous_0)","decl":{"start":{"line":13,"column":2},"end":{"line":13,"column":3}},"loc":{"start":{"line":13,"column":21},"end":{"line":21,"column":3}},"line":13},"1":{"name":"(anonymous_1)","decl":{"start":{"line":23,"column":21},"end":{"line":23,"column":22}},"loc":{"start":{"line":23,"column":37},"end":{"line":25,"column":3}},"line":23},"2":{"name":"(anonymous_2)","decl":{"start":{"line":27,"column":17},"end":{"line":27,"column":18}},"loc":{"start":{"line":27,"column":23},"end":{"line":33,"column":3}},"line":27},"3":{"name":"(anonymous_3)","decl":{"start":{"line":35,"column":2},"end":{"line":35,"column":3}},"loc":{"start":{"line":35,"column":11},"end":{"line":87,"column":3}},"line":35},"4":{"name":"mapStateToProps","decl":{"start":{"line":127,"column":16},"end":{"line":127,"column":31}},"loc":{"start":{"line":127,"column":39},"end":{"line":131,"column":1}},"line":127},"5":{"name":"mapDispatchToProps","decl":{"start":{"line":133,"column":16},"end":{"line":133,"column":34}},"loc":{"start":{"line":133,"column":45},"end":{"line":138,"column":1}},"line":133},"6":{"name":"(anonymous_6)","decl":{"start":{"line":135,"column":19},"end":{"line":135,"column":20}},"loc":{"start":{"line":136,"column":6},"end":{"line":136,"column":55}},"line":136}},"branchMap":{"0":{"loc":{"start":{"line":28,"column":4},"end":{"line":32,"column":5}},"type":"if","locations":[{"start":{"line":28,"column":4},"end":{"line":32,"column":5}},{"start":{"line":28,"column":4},"end":{"line":32,"column":5}}],"line":28},"1":{"loc":{"start":{"line":28,"column":8},"end":{"line":28,"column":70}},"type":"binary-expr","locations":[{"start":{"line":28,"column":8},"end":{"line":28,"column":37}},{"start":{"line":28,"column":41},"end":{"line":28,"column":70}}],"line":28},"2":{"loc":{"start":{"line":36,"column":4},"end":{"line":38,"column":5}},"type":"if","locations":[{"start":{"line":36,"column":4},"end":{"line":38,"column":5}},{"start":{"line":36,"column":4},"end":{"line":38,"column":5}}],"line":36},"3":{"loc":{"start":{"line":40,"column":4},"end":{"line":58,"column":5}},"type":"if","locations":[{"start":{"line":40,"column":4},"end":{"line":58,"column":5}},{"start":{"line":40,"column":4},"end":{"line":58,"column":5}}],"line":40},"4":{"loc":{"start":{"line":80,"column":9},"end":{"line":84,"column":9}},"type":"binary-expr","locations":[{"start":{"line":80,"column":9},"end":{"line":80,"column":40}},{"start":{"line":81,"column":10},"end":{"line":83,"column":17}}],"line":80}},"s":{"0":8,"1":8,"2":8,"3":8,"4":1,"5":2,"6":1,"7":1,"8":14,"9":1,"10":13,"11":1,"12":12,"13":2,"14":2,"15":2,"16":1,"17":1},"f":{"0":8,"1":1,"2":2,"3":14,"4":2,"5":1,"6":1},"b":{"0":[1,1],"1":[2,1],"2":[1,13],"3":[1,12],"4":[12,1]},"_coverageSchema":"332fd63041d2c1bcb487cc26dd0d5f7d97098a6c","hash":"c1c7ccbe7ccce8ba8b4821b2648686adbb26a41b"}
,"/Users/ALASTAIR/Code/react/stock_app/src/screens/Login.js": {"path":"/Users/ALASTAIR/Code/react/stock_app/src/screens/Login.js","statementMap":{"0":{"start":{"line":11,"column":4},"end":{"line":11,"column":17}},"1":{"start":{"line":12,"column":4},"end":{"line":15,"column":6}},"2":{"start":{"line":17,"column":4},"end":{"line":17,"column":61}},"3":{"start":{"line":21,"column":4},"end":{"line":21,"column":36}},"4":{"start":{"line":25,"column":4},"end":{"line":32,"column":5}},"5":{"start":{"line":26,"column":6},"end":{"line":26,"column":25}},"6":{"start":{"line":27,"column":26},"end":{"line":30,"column":8}},"7":{"start":{"line":31,"column":6},"end":{"line":31,"column":50}},"8":{"start":{"line":35,"column":4},"end":{"line":66,"column":6}},"9":{"start":{"line":70,"column":15},"end":{"line":103,"column":2}},"10":{"start":{"line":105,"column":0},"end":{"line":117,"column":2}},"11":{"start":{"line":120,"column":2},"end":{"line":122,"column":4}},"12":{"start":{"line":126,"column":2},"end":{"line":128,"column":4}},"13":{"start":{"line":127,"column":17},"end":{"line":127,"column":34}}},"fnMap":{"0":{"name":"(anonymous_0)","decl":{"start":{"line":10,"column":2},"end":{"line":10,"column":3}},"loc":{"start":{"line":10,"column":21},"end":{"line":18,"column":3}},"line":10},"1":{"name":"(anonymous_1)","decl":{"start":{"line":20,"column":21},"end":{"line":20,"column":22}},"loc":{"start":{"line":20,"column":37},"end":{"line":22,"column":3}},"line":20},"2":{"name":"(anonymous_2)","decl":{"start":{"line":24,"column":21},"end":{"line":24,"column":22}},"loc":{"start":{"line":24,"column":27},"end":{"line":33,"column":3}},"line":24},"3":{"name":"(anonymous_3)","decl":{"start":{"line":34,"column":2},"end":{"line":34,"column":3}},"loc":{"start":{"line":34,"column":11},"end":{"line":67,"column":3}},"line":34},"4":{"name":"mapStateToProps","decl":{"start":{"line":119,"column":16},"end":{"line":119,"column":31}},"loc":{"start":{"line":119,"column":39},"end":{"line":123,"column":1}},"line":119},"5":{"name":"mapDispatchToProps","decl":{"start":{"line":125,"column":16},"end":{"line":125,"column":34}},"loc":{"start":{"line":125,"column":45},"end":{"line":129,"column":1}},"line":125},"6":{"name":"(anonymous_6)","decl":{"start":{"line":127,"column":11},"end":{"line":127,"column":12}},"loc":{"start":{"line":127,"column":17},"end":{"line":127,"column":34}},"line":127}},"branchMap":{"0":{"loc":{"start":{"line":25,"column":4},"end":{"line":32,"column":5}},"type":"if","locations":[{"start":{"line":25,"column":4},"end":{"line":32,"column":5}},{"start":{"line":25,"column":4},"end":{"line":32,"column":5}}],"line":25},"1":{"loc":{"start":{"line":25,"column":8},"end":{"line":25,"column":71}},"type":"binary-expr","locations":[{"start":{"line":25,"column":8},"end":{"line":25,"column":37}},{"start":{"line":25,"column":41},"end":{"line":25,"column":71}}],"line":25}},"s":{"0":9,"1":9,"2":9,"3":1,"4":2,"5":1,"6":1,"7":1,"8":19,"9":2,"10":2,"11":2,"12":2,"13":1},"f":{"0":9,"1":1,"2":2,"3":19,"4":2,"5":2,"6":1},"b":{"0":[1,1],"1":[2,1]},"_coverageSchema":"332fd63041d2c1bcb487cc26dd0d5f7d97098a6c","hash":"44302abe54c785d2e3641c6e196ef775b177c799"}
,"/Users/ALASTAIR/Code/react/stock_app/src/screens/Stock.js": {"path":"/Users/ALASTAIR/Code/react/stock_app/src/screens/Stock.js","statementMap":{"0":{"start":{"line":14,"column":4},"end":{"line":14,"column":17}},"1":{"start":{"line":15,"column":4},"end":{"line":18,"column":6}},"2":{"start":{"line":19,"column":4},"end":{"line":19,"column":61}},"3":{"start":{"line":20,"column":4},"end":{"line":20,"column":53}},"4":{"start":{"line":21,"column":4},"end":{"line":21,"column":61}},"5":{"start":{"line":22,"column":4},"end":{"line":22,"column":49}},"6":{"start":{"line":26,"column":4},"end":{"line":26,"column":34}},"7":{"start":{"line":30,"column":4},"end":{"line":30,"column":58}},"8":{"start":{"line":31,"column":4},"end":{"line":31,"column":36}},"9":{"start":{"line":35,"column":4},"end":{"line":41,"column":5}},"10":{"start":{"line":36,"column":6},"end":{"line":36,"column":47}},"11":{"start":{"line":38,"column":6},"end":{"line":40,"column":8}},"12":{"start":{"line":44,"column":34},"end":{"line":44,"column":43}},"13":{"start":{"line":47,"column":4},"end":{"line":47,"column":37}},"14":{"start":{"line":51,"column":4},"end":{"line":51,"column":44}},"15":{"start":{"line":52,"column":4},"end":{"line":54,"column":5}},"16":{"start":{"line":53,"column":6},"end":{"line":53,"column":41}},"17":{"start":{"line":58,"column":4},"end":{"line":58,"column":49}},"18":{"start":{"line":59,"column":23},"end":{"line":59,"column":62}},"19":{"start":{"line":60,"column":26},"end":{"line":60,"column":56}},"20":{"start":{"line":61,"column":4},"end":{"line":61,"column":30}},"21":{"start":{"line":62,"column":4},"end":{"line":62,"column":50}},"22":{"start":{"line":63,"column":4},"end":{"line":63,"column":66}},"23":{"start":{"line":66,"column":4},"end":{"line":76,"column":5}},"24":{"start":{"line":67,"column":6},"end":{"line":67,"column":45}},"25":{"start":{"line":68,"column":6},"end":{"line":75,"column":7}},"26":{"start":{"line":72,"column":8},"end":{"line":72,"column":42}},"27":{"start":{"line":74,"column":8},"end":{"line":74,"column":43}},"28":{"start":{"line":80,"column":4},"end":{"line":80,"column":34}},"29":{"start":{"line":84,"column":4},"end":{"line":86,"column":5}},"30":{"start":{"line":85,"column":6},"end":{"line":85,"column":25}},"31":{"start":{"line":88,"column":4},"end":{"line":102,"column":5}},"32":{"start":{"line":89,"column":6},"end":{"line":101,"column":8}},"33":{"start":{"line":104,"column":4},"end":{"line":110,"column":5}},"34":{"start":{"line":105,"column":17},"end":{"line":107,"column":8}},"35":{"start":{"line":106,"column":8},"end":{"line":106,"column":36}},"36":{"start":{"line":108,"column":20},"end":{"line":108,"column":37}},"37":{"start":{"line":109,"column":6},"end":{"line":109,"column":25}},"38":{"start":{"line":112,"column":4},"end":{"line":160,"column":6}},"39":{"start":{"line":164,"column":15},"end":{"line":240,"column":2}},"40":{"start":{"line":242,"column":0},"end":{"line":255,"column":2}},"41":{"start":{"line":258,"column":2},"end":{"line":258,"column":44}},"42":{"start":{"line":259,"column":2},"end":{"line":261,"column":4}},"43":{"start":{"line":265,"column":2},"end":{"line":268,"column":4}},"44":{"start":{"line":266,"column":28},"end":{"line":266,"column":56}},"45":{"start":{"line":267,"column":27},"end":{"line":267,"column":56}}},"fnMap":{"0":{"name":"(anonymous_0)","decl":{"start":{"line":13,"column":2},"end":{"line":13,"column":3}},"loc":{"start":{"line":13,"column":21},"end":{"line":23,"column":3}},"line":13},"1":{"name":"(anonymous_1)","decl":{"start":{"line":25,"column":2},"end":{"line":25,"column":3}},"loc":{"start":{"line":25,"column":22},"end":{"line":27,"column":3}},"line":25},"2":{"name":"(anonymous_2)","decl":{"start":{"line":29,"column":21},"end":{"line":29,"column":22}},"loc":{"start":{"line":29,"column":37},"end":{"line":32,"column":3}},"line":29},"3":{"name":"(anonymous_3)","decl":{"start":{"line":34,"column":17},"end":{"line":34,"column":18}},"loc":{"start":{"line":34,"column":23},"end":{"line":42,"column":3}},"line":34},"4":{"name":"(anonymous_4)","decl":{"start":{"line":44,"column":17},"end":{"line":44,"column":18}},"loc":{"start":{"line":44,"column":34},"end":{"line":44,"column":43}},"line":44},"5":{"name":"(anonymous_5)","decl":{"start":{"line":46,"column":15},"end":{"line":46,"column":16}},"loc":{"start":{"line":46,"column":29},"end":{"line":48,"column":3}},"line":46},"6":{"name":"(anonymous_6)","decl":{"start":{"line":50,"column":15},"end":{"line":50,"column":16}},"loc":{"start":{"line":50,"column":24},"end":{"line":55,"column":3}},"line":50},"7":{"name":"(anonymous_7)","decl":{"start":{"line":57,"column":21},"end":{"line":57,"column":22}},"loc":{"start":{"line":57,"column":30},"end":{"line":77,"column":3}},"line":57},"8":{"name":"(anonymous_8)","decl":{"start":{"line":79,"column":2},"end":{"line":79,"column":3}},"loc":{"start":{"line":79,"column":15},"end":{"line":81,"column":3}},"line":79},"9":{"name":"(anonymous_9)","decl":{"start":{"line":83,"column":2},"end":{"line":83,"column":3}},"loc":{"start":{"line":83,"column":11},"end":{"line":161,"column":3}},"line":83},"10":{"name":"(anonymous_10)","decl":{"start":{"line":105,"column":50},"end":{"line":105,"column":51}},"loc":{"start":{"line":105,"column":58},"end":{"line":107,"column":7}},"line":105},"11":{"name":"mapStateToProps","decl":{"start":{"line":257,"column":16},"end":{"line":257,"column":31}},"loc":{"start":{"line":257,"column":39},"end":{"line":262,"column":1}},"line":257},"12":{"name":"mapDispatchToProps","decl":{"start":{"line":264,"column":16},"end":{"line":264,"column":34}},"loc":{"start":{"line":264,"column":45},"end":{"line":269,"column":1}},"line":264},"13":{"name":"(anonymous_13)","decl":{"start":{"line":266,"column":22},"end":{"line":266,"column":23}},"loc":{"start":{"line":266,"column":28},"end":{"line":266,"column":56}},"line":266},"14":{"name":"(anonymous_14)","decl":{"start":{"line":267,"column":16},"end":{"line":267,"column":17}},"loc":{"start":{"line":267,"column":27},"end":{"line":267,"column":56}},"line":267}},"branchMap":{"0":{"loc":{"start":{"line":35,"column":4},"end":{"line":41,"column":5}},"type":"if","locations":[{"start":{"line":35,"column":4},"end":{"line":41,"column":5}},{"start":{"line":35,"column":4},"end":{"line":41,"column":5}}],"line":35},"1":{"loc":{"start":{"line":52,"column":4},"end":{"line":54,"column":5}},"type":"if","locations":[{"start":{"line":52,"column":4},"end":{"line":54,"column":5}},{"start":{"line":52,"column":4},"end":{"line":54,"column":5}}],"line":52},"2":{"loc":{"start":{"line":66,"column":4},"end":{"line":76,"column":5}},"type":"if","locations":[{"start":{"line":66,"column":4},"end":{"line":76,"column":5}},{"start":{"line":66,"column":4},"end":{"line":76,"column":5}}],"line":66},"3":{"loc":{"start":{"line":66,"column":8},"end":{"line":66,"column":49}},"type":"binary-expr","locations":[{"start":{"line":66,"column":8},"end":{"line":66,"column":28}},{"start":{"line":66,"column":32},"end":{"line":66,"column":49}}],"line":66},"4":{"loc":{"start":{"line":68,"column":6},"end":{"line":75,"column":7}},"type":"if","locations":[{"start":{"line":68,"column":6},"end":{"line":75,"column":7}},{"start":{"line":68,"column":6},"end":{"line":75,"column":7}}],"line":68},"5":{"loc":{"start":{"line":84,"column":4},"end":{"line":86,"column":5}},"type":"if","locations":[{"start":{"line":84,"column":4},"end":{"line":86,"column":5}},{"start":{"line":84,"column":4},"end":{"line":86,"column":5}}],"line":84},"6":{"loc":{"start":{"line":88,"column":4},"end":{"line":102,"column":5}},"type":"if","locations":[{"start":{"line":88,"column":4},"end":{"line":102,"column":5}},{"start":{"line":88,"column":4},"end":{"line":102,"column":5}}],"line":88},"7":{"loc":{"start":{"line":104,"column":4},"end":{"line":110,"column":5}},"type":"if","locations":[{"start":{"line":104,"column":4},"end":{"line":110,"column":5}},{"start":{"line":104,"column":4},"end":{"line":110,"column":5}}],"line":104},"8":{"loc":{"start":{"line":129,"column":9},"end":{"line":158,"column":9}},"type":"binary-expr","locations":[{"start":{"line":129,"column":9},"end":{"line":129,"column":49}},{"start":{"line":130,"column":10},"end":{"line":157,"column":17}}],"line":129},"9":{"loc":{"start":{"line":144,"column":13},"end":{"line":150,"column":13}},"type":"cond-expr","locations":[{"start":{"line":145,"column":14},"end":{"line":147,"column":21}},{"start":{"line":149,"column":14},"end":{"line":149,"column":42}}],"line":144}},"s":{"0":16,"1":16,"2":16,"3":16,"4":16,"5":16,"6":16,"7":1,"8":1,"9":2,"10":1,"11":1,"12":1,"13":1,"14":2,"15":2,"16":1,"17":3,"18":3,"19":3,"20":3,"21":3,"22":3,"23":3,"24":2,"25":2,"26":1,"27":1,"28":1,"29":57,"30":1,"31":56,"32":2,"33":54,"34":38,"35":304,"36":38,"37":38,"38":54,"39":2,"40":2,"41":1,"42":1,"43":2,"44":1,"45":1},"f":{"0":16,"1":16,"2":1,"3":2,"4":1,"5":1,"6":2,"7":3,"8":1,"9":57,"10":304,"11":1,"12":2,"13":1,"14":1},"b":{"0":[1,1],"1":[1,1],"2":[2,1],"3":[3,2],"4":[1,1],"5":[1,56],"6":[2,54],"7":[38,16],"8":[54,38],"9":[36,2]},"_coverageSchema":"332fd63041d2c1bcb487cc26dd0d5f7d97098a6c","hash":"45ad027ebde27394305300a78d6ebd5f14c5c5ab"}
,"/Users/ALASTAIR/Code/react/stock_app/src/store/index.js": {"path":"/Users/ALASTAIR/Code/react/stock_app/src/store/index.js","statementMap":{"0":{"start":{"line":7,"column":14},"end":{"line":7,"column":62}},"1":{"start":{"line":8,"column":2},"end":{"line":8,"column":15}}},"fnMap":{"0":{"name":"configureStore","decl":{"start":{"line":6,"column":24},"end":{"line":6,"column":38}},"loc":{"start":{"line":6,"column":41},"end":{"line":9,"column":1}},"line":6}},"branchMap":{},"s":{"0":1,"1":1},"f":{"0":1},"b":{},"_coverageSchema":"332fd63041d2c1bcb487cc26dd0d5f7d97098a6c","hash":"e9505e0796a926eb0aaa4414f8034b0d028479d9"}
}
