TN:
SF:/Users/ALASTAIR/Code/react/stock_app/App.js
FN:18,(anonymous_0)
FNF:1
FNH:1
FNDA:1,(anonymous_0)
DA:10,1
DA:19,1
DA:29,1
LF:3
LH:3
BRF:0
BRH:0
end_of_record
TN:
SF:/Users/ALASTAIR/Code/react/stock_app/setupTests.js
FNF:0
FNH:0
DA:3,9
LF:1
LH:1
BRF:0
BRH:0
end_of_record
TN:
SF:/Users/ALASTAIR/Code/react/stock_app/src/components/Button.js
FN:5,(anonymous_0)
FN:10,(anonymous_1)
FN:14,(anonymous_2)
FNF:3
FNH:3
FNDA:4,(anonymous_0)
FNDA:1,(anonymous_1)
FNDA:4,(anonymous_2)
DA:6,4
DA:8,4
DA:11,1
DA:15,4
DA:26,5
LF:5
LH:5
BRF:0
BRH:0
end_of_record
TN:
SF:/Users/ALASTAIR/Code/react/stock_app/src/components/Input.js
FN:5,(anonymous_0)
FN:9,(anonymous_1)
FN:16,(anonymous_2)
FNF:3
FNH:3
FNDA:2,(anonymous_0)
FNDA:4,(anonymous_1)
FNDA:1,(anonymous_2)
DA:6,2
DA:10,4
DA:16,1
DA:27,5
LF:4
LH:4
BRF:0
BRH:0
end_of_record
TN:
SF:/Users/ALASTAIR/Code/react/stock_app/src/components/Instructions.js
FN:4,(anonymous_0)
FNF:1
FNH:1
FNDA:1,(anonymous_0)
DA:4,3
DA:5,1
DA:12,3
LF:3
LH:3
BRF:0
BRH:0
end_of_record
TN:
SF:/Users/ALASTAIR/Code/react/stock_app/src/components/Search.js
FN:13,(anonymous_0)
FN:19,(anonymous_1)
FN:23,(anonymous_2)
FN:27,(anonymous_3)
FNF:4
FNH:4
FNDA:7,(anonymous_0)
FNDA:2,(anonymous_1)
FNDA:1,(anonymous_2)
FNDA:15,(anonymous_3)
DA:14,7
DA:16,7
DA:17,7
DA:20,2
DA:24,1
DA:28,15
DA:87,3
LF:7
LH:7
BRDA:30,0,0,1
BRDA:30,0,1,14
BRF:2
BRH:2
end_of_record
TN:
SF:/Users/ALASTAIR/Code/react/stock_app/src/components/StockItem.js
FN:4,(anonymous_0)
FNF:1
FNH:1
FNDA:1,(anonymous_0)
DA:4,2
DA:5,1
DA:22,2
LF:3
LH:3
BRF:0
BRH:0
end_of_record
TN:
SF:/Users/ALASTAIR/Code/react/stock_app/src/screens/Exchange.js
FN:8,(anonymous_0)
FN:18,(anonymous_1)
FN:22,(anonymous_2)
FN:30,(anonymous_3)
FNF:4
FNH:4
FNDA:3,(anonymous_0)
FNDA:1,(anonymous_1)
FNDA:2,(anonymous_2)
FNDA:5,(anonymous_3)
DA:9,3
DA:10,3
DA:14,3
DA:15,3
DA:19,1
DA:23,2
DA:24,1
DA:26,1
DA:31,5
DA:56,1
DA:75,1
LF:11
LH:11
BRDA:23,0,0,1
BRDA:23,0,1,1
BRDA:23,1,0,2
BRDA:23,1,1,1
BRF:4
BRH:4
end_of_record
TN:
SF:/Users/ALASTAIR/Code/react/stock_app/src/screens/Login.js
FN:8,(anonymous_0)
FN:18,(anonymous_1)
FN:22,(anonymous_2)
FN:31,(anonymous_3)
FNF:4
FNH:4
FNDA:6,(anonymous_0)
FNDA:1,(anonymous_1)
FNDA:2,(anonymous_2)
FNDA:14,(anonymous_3)
DA:9,6
DA:10,6
DA:15,6
DA:19,1
DA:23,2
DA:24,1
DA:28,1
DA:32,14
DA:65,1
DA:100,1
LF:10
LH:10
BRDA:23,0,0,1
BRDA:23,0,1,1
BRDA:23,1,0,2
BRDA:23,1,1,1
BRF:4
BRH:4
end_of_record
TN:
SF:/Users/ALASTAIR/Code/react/stock_app/src/screens/Stock.js
FN:9,(anonymous_0)
FN:18,(anonymous_1)
FN:23,(anonymous_2)
FN:33,(anonymous_3)
FNF:4
FNH:4
FNDA:5,(anonymous_0)
FNDA:1,(anonymous_1)
FNDA:2,(anonymous_2)
FNDA:7,(anonymous_3)
DA:10,5
DA:11,5
DA:14,5
DA:15,5
DA:19,1
DA:20,1
DA:24,2
DA:25,1
DA:27,1
DA:34,7
DA:56,1
DA:72,1
LF:12
LH:12
BRDA:24,0,0,1
BRDA:24,0,1,1
BRF:2
BRH:2
end_of_record
