TN:
SF:/Users/ALASTAIR/Code/react/stock_app/App.js
FN:31,(anonymous_0)
FNF:1
FNH:1
FNDA:1,(anonymous_0)
DA:14,1
DA:16,1
DA:32,1
LF:3
LH:3
BRF:0
BRH:0
end_of_record
TN:
SF:/Users/ALASTAIR/Code/react/stock_app/setupTests.js
FNF:0
FNH:0
DA:3,14
LF:1
LH:1
BRF:0
BRH:0
end_of_record
TN:
SF:/Users/ALASTAIR/Code/react/stock_app/src/constants.js
FNF:0
FNH:0
LF:0
LH:0
BRF:0
BRH:0
end_of_record
TN:
SF:/Users/ALASTAIR/Code/react/stock_app/src/actions/index.js
FN:14,login
FN:20,logout
FN:26,getData
FN:32,getDataSuccess
FN:40,getDataFailure
FN:46,getDataCurrencySuccess
FN:54,initialFetchData
FN:55,(anonymous_7)
FN:58,(anonymous_8)
FN:61,(anonymous_9)
FN:63,(anonymous_10)
FN:70,(anonymous_11)
FN:78,fetchCurrency
FN:79,(anonymous_13)
FN:85,(anonymous_14)
FN:89,(anonymous_15)
FN:99,(anonymous_16)
FN:107,fetchStock
FN:108,(anonymous_18)
FN:114,(anonymous_19)
FN:117,(anonymous_20)
FN:119,(anonymous_21)
FN:125,(anonymous_22)
FNF:23
FNH:23
FNDA:2,login
FNDA:1,logout
FNDA:8,getData
FNDA:3,getDataSuccess
FNDA:5,getDataFailure
FNDA:2,getDataCurrencySuccess
FNDA:3,initialFetchData
FNDA:2,(anonymous_7)
FNDA:2,(anonymous_8)
FNDA:2,(anonymous_9)
FNDA:5,(anonymous_10)
FNDA:1,(anonymous_11)
FNDA:4,fetchCurrency
FNDA:3,(anonymous_13)
FNDA:3,(anonymous_14)
FNDA:2,(anonymous_15)
FNDA:1,(anonymous_16)
FNDA:3,fetchStock
FNDA:2,(anonymous_18)
FNDA:2,(anonymous_19)
FNDA:2,(anonymous_20)
FNDA:5,(anonymous_21)
FNDA:1,(anonymous_22)
DA:3,6
DA:4,6
DA:5,6
DA:6,6
DA:7,6
DA:8,6
DA:11,6
DA:12,6
DA:15,2
DA:21,1
DA:27,8
DA:33,3
DA:41,5
DA:47,2
DA:55,3
DA:56,2
DA:57,2
DA:59,2
DA:63,2
DA:65,5
DA:68,1
DA:72,1
DA:79,4
DA:80,3
DA:81,3
DA:86,3
DA:87,3
DA:90,2
DA:91,2
DA:92,1
DA:94,1
DA:100,1
DA:101,1
DA:108,3
DA:109,2
DA:110,2
DA:115,2
DA:118,2
DA:119,2
DA:120,5
DA:122,1
DA:123,1
DA:126,1
DA:127,1
LF:44
LH:44
BRDA:91,0,0,1
BRDA:91,0,1,1
BRF:2
BRH:2
end_of_record
TN:
SF:/Users/ALASTAIR/Code/react/stock_app/src/components/Button.js
FN:5,(anonymous_0)
FN:10,(anonymous_1)
FN:14,(anonymous_2)
FNF:3
FNH:3
FNDA:5,(anonymous_0)
FNDA:1,(anonymous_1)
FNDA:5,(anonymous_2)
DA:6,5
DA:8,5
DA:11,1
DA:15,5
DA:26,7
LF:5
LH:5
BRF:0
BRH:0
end_of_record
TN:
SF:/Users/ALASTAIR/Code/react/stock_app/src/components/Error.js
FN:14,(anonymous_0)
FN:21,(anonymous_1)
FN:25,(anonymous_2)
FN:29,(anonymous_3)
FN:33,(anonymous_4)
FNF:5
FNH:5
FNDA:6,(anonymous_0)
FNDA:1,(anonymous_1)
FNDA:1,(anonymous_2)
FNDA:1,(anonymous_3)
FNDA:13,(anonymous_4)
DA:15,6
DA:17,6
DA:18,6
DA:19,6
DA:22,1
DA:26,1
DA:30,1
DA:34,13
DA:78,4
LF:9
LH:9
BRDA:44,0,0,1
BRDA:44,0,1,12
BRF:2
BRH:2
end_of_record
TN:
SF:/Users/ALASTAIR/Code/react/stock_app/src/components/Input.js
FN:5,(anonymous_0)
FN:9,(anonymous_1)
FN:16,(anonymous_2)
FNF:3
FNH:3
FNDA:2,(anonymous_0)
FNDA:8,(anonymous_1)
FNDA:1,(anonymous_2)
DA:6,2
DA:10,8
DA:16,1
DA:28,7
LF:4
LH:4
BRF:0
BRH:0
end_of_record
TN:
SF:/Users/ALASTAIR/Code/react/stock_app/src/components/Instructions.js
FN:4,(anonymous_0)
FNF:1
FNH:1
FNDA:1,(anonymous_0)
DA:4,5
DA:5,1
DA:12,5
LF:3
LH:3
BRF:0
BRH:0
end_of_record
TN:
SF:/Users/ALASTAIR/Code/react/stock_app/src/components/Loading.js
FN:4,(anonymous_0)
FNF:1
FNH:1
FNDA:1,(anonymous_0)
DA:4,4
DA:5,1
DA:12,4
LF:3
LH:3
BRF:0
BRH:0
end_of_record
TN:
SF:/Users/ALASTAIR/Code/react/stock_app/src/components/Rates.js
FN:4,(anonymous_0)
FNF:1
FNH:1
FNDA:1,(anonymous_0)
DA:4,3
DA:5,1
DA:22,3
LF:3
LH:3
BRF:0
BRH:0
end_of_record
TN:
SF:/Users/ALASTAIR/Code/react/stock_app/src/components/Search.js
FN:13,(anonymous_0)
FN:19,(anonymous_1)
FN:23,(anonymous_2)
FN:27,(anonymous_3)
FNF:4
FNH:4
FNDA:7,(anonymous_0)
FNDA:2,(anonymous_1)
FNDA:1,(anonymous_2)
FNDA:15,(anonymous_3)
DA:14,7
DA:16,7
DA:17,7
DA:20,2
DA:24,1
DA:28,15
DA:90,5
LF:7
LH:7
BRDA:30,0,0,1
BRDA:30,0,1,14
BRF:2
BRH:2
end_of_record
TN:
SF:/Users/ALASTAIR/Code/react/stock_app/src/components/StockItem.js
FN:4,(anonymous_0)
FNF:1
FNH:1
FNDA:1,(anonymous_0)
DA:4,3
DA:5,1
DA:22,3
LF:3
LH:3
BRF:0
BRH:0
end_of_record
TN:
SF:/Users/ALASTAIR/Code/react/stock_app/src/reducers/dataReducer.js
FN:20,dataReducer
FNF:1
FNH:1
FNDA:10,dataReducer
DA:10,2
DA:21,10
DA:23,1
DA:28,1
DA:33,1
DA:41,1
DA:48,1
DA:54,1
DA:60,4
LF:9
LH:9
BRDA:20,0,0,4
BRDA:21,1,0,1
BRDA:21,1,1,1
BRDA:21,1,2,1
BRDA:21,1,3,1
BRDA:21,1,4,1
BRDA:21,1,5,1
BRDA:21,1,6,4
BRF:8
BRH:8
end_of_record
TN:
SF:/Users/ALASTAIR/Code/react/stock_app/src/reducers/index.js
FNF:0
FNH:0
DA:4,1
LF:1
LH:1
BRF:0
BRH:0
end_of_record
TN:
SF:/Users/ALASTAIR/Code/react/stock_app/src/screens/Dashboard.js
FNF:0
FNH:0
DA:7,1
LF:1
LH:1
BRF:0
BRH:0
end_of_record
TN:
SF:/Users/ALASTAIR/Code/react/stock_app/src/screens/Exchange.js
FN:13,(anonymous_0)
FN:23,(anonymous_1)
FN:27,(anonymous_2)
FN:35,(anonymous_3)
FN:128,mapStateToProps
FN:134,mapDispatchToProps
FN:136,(anonymous_6)
FNF:7
FNH:7
FNDA:8,(anonymous_0)
FNDA:1,(anonymous_1)
FNDA:2,(anonymous_2)
FNDA:14,(anonymous_3)
FNDA:1,mapStateToProps
FNDA:1,mapDispatchToProps
FNDA:1,(anonymous_6)
DA:14,8
DA:15,8
DA:19,8
DA:20,8
DA:24,1
DA:28,2
DA:29,1
DA:31,1
DA:36,14
DA:37,1
DA:40,13
DA:41,1
DA:60,12
DA:91,2
DA:113,2
DA:129,1
DA:135,1
DA:137,1
LF:18
LH:18
BRDA:28,0,0,1
BRDA:28,0,1,1
BRDA:28,1,0,2
BRDA:28,1,1,1
BRDA:36,2,0,1
BRDA:36,2,1,13
BRDA:40,3,0,1
BRDA:40,3,1,12
BRDA:81,4,0,12
BRDA:81,4,1,1
BRF:10
BRH:10
end_of_record
TN:
SF:/Users/ALASTAIR/Code/react/stock_app/src/screens/Login.js
FN:10,(anonymous_0)
FN:20,(anonymous_1)
FN:24,(anonymous_2)
FN:34,(anonymous_3)
FN:127,mapStateToProps
FN:133,mapDispatchToProps
FN:135,(anonymous_6)
FNF:7
FNH:7
FNDA:9,(anonymous_0)
FNDA:1,(anonymous_1)
FNDA:2,(anonymous_2)
FNDA:19,(anonymous_3)
FNDA:2,mapStateToProps
FNDA:2,mapDispatchToProps
FNDA:1,(anonymous_6)
DA:11,9
DA:12,9
DA:17,9
DA:21,1
DA:25,2
DA:26,1
DA:27,1
DA:31,1
DA:35,19
DA:70,2
DA:113,2
DA:128,2
DA:134,2
DA:135,1
LF:14
LH:14
BRDA:25,0,0,1
BRDA:25,0,1,1
BRDA:25,1,0,2
BRDA:25,1,1,1
BRF:4
BRH:4
end_of_record
TN:
SF:/Users/ALASTAIR/Code/react/stock_app/src/screens/Stock.js
FN:20,(anonymous_0)
FN:32,(anonymous_1)
FN:36,(anonymous_2)
FN:40,(anonymous_3)
FN:50,(anonymous_4)
FN:52,(anonymous_5)
FN:56,(anonymous_6)
FN:62,(anonymous_7)
FN:78,(anonymous_8)
FN:82,(anonymous_9)
FN:104,(anonymous_10)
FN:275,mapStateToProps
FN:281,mapDispatchToProps
FN:283,(anonymous_13)
FN:284,(anonymous_14)
FNF:15
FNH:15
FNDA:16,(anonymous_0)
FNDA:16,(anonymous_1)
FNDA:1,(anonymous_2)
FNDA:2,(anonymous_3)
FNDA:1,(anonymous_4)
FNDA:1,(anonymous_5)
FNDA:2,(anonymous_6)
FNDA:3,(anonymous_7)
FNDA:1,(anonymous_8)
FNDA:57,(anonymous_9)
FNDA:304,(anonymous_10)
FNDA:1,mapStateToProps
FNDA:2,mapDispatchToProps
FNDA:1,(anonymous_13)
FNDA:1,(anonymous_14)
DA:21,16
DA:22,16
DA:26,16
DA:27,16
DA:28,16
DA:29,16
DA:33,16
DA:37,1
DA:41,2
DA:42,1
DA:44,1
DA:50,1
DA:53,1
DA:57,2
DA:58,1
DA:63,3
DA:64,3
DA:66,3
DA:67,2
DA:71,1
DA:73,1
DA:79,1
DA:83,57
DA:84,1
DA:87,56
DA:88,2
DA:103,54
DA:104,38
DA:105,304
DA:107,38
DA:108,38
DA:111,54
DA:164,2
DA:260,2
DA:276,1
DA:282,2
DA:283,1
DA:284,1
LF:38
LH:38
BRDA:41,0,0,1
BRDA:41,0,1,1
BRDA:57,1,0,1
BRDA:57,1,1,1
BRDA:66,2,0,2
BRDA:66,2,1,1
BRDA:66,3,0,3
BRDA:66,3,1,2
BRDA:67,4,0,1
BRDA:67,4,1,1
BRDA:83,5,0,1
BRDA:83,5,1,56
BRDA:87,6,0,2
BRDA:87,6,1,54
BRDA:103,7,0,38
BRDA:103,7,1,16
BRDA:129,8,0,54
BRDA:129,8,1,38
BRDA:144,9,0,36
BRDA:144,9,1,2
BRF:20
BRH:20
end_of_record
TN:
SF:/Users/ALASTAIR/Code/react/stock_app/src/store/index.js
FN:6,configureStore
FNF:1
FNH:1
FNDA:1,configureStore
DA:7,1
DA:8,1
LF:2
LH:2
BRF:0
BRH:0
end_of_record
